<?xml version="1.0" encoding="UTF-8"?>
<testsuite name="com.studentapp.junit.studentsinfo.CreateStudentsDataDrivenTest" time="24.473" tests="100" errors="0" skipped="0" failures="0">
  <properties>
    <property name="java.runtime.name" value="Java(TM) SE Runtime Environment"/>
    <property name="sun.boot.library.path" value="C:\Program Files\Java\jre1.8.0_181\bin"/>
    <property name="java.vm.version" value="25.181-b13"/>
    <property name="java.vm.vendor" value="Oracle Corporation"/>
    <property name="java.vendor.url" value="http://java.oracle.com/"/>
    <property name="path.separator" value=";"/>
    <property name="guice.disable.misplaced.annotation.check" value="true"/>
    <property name="java.vm.name" value="Java HotSpot(TM) 64-Bit Server VM"/>
    <property name="file.encoding.pkg" value="sun.io"/>
    <property name="user.script" value=""/>
    <property name="user.country" value="US"/>
    <property name="sun.java.launcher" value="SUN_STANDARD"/>
    <property name="sun.os.patch.level" value=""/>
    <property name="java.vm.specification.name" value="Java Virtual Machine Specification"/>
    <property name="user.dir" value="C:\Users\Abhinav\Desktop\New folder\StudentApp-1"/>
    <property name="java.runtime.version" value="1.8.0_181-b13"/>
    <property name="java.awt.graphicsenv" value="sun.awt.Win32GraphicsEnvironment"/>
    <property name="java.endorsed.dirs" value="C:\Program Files\Java\jre1.8.0_181\lib\endorsed"/>
    <property name="os.arch" value="amd64"/>
    <property name="java.io.tmpdir" value="C:\Users\Abhinav\AppData\Local\Temp\"/>
    <property name="line.separator" value="&#10;"/>
    <property name="java.vm.specification.vendor" value="Oracle Corporation"/>
    <property name="user.variant" value=""/>
    <property name="os.name" value="Windows 10"/>
    <property name="classworlds.conf" value="C:\Users\Abhinav\Desktop\New folder\.metadata\.plugins\org.eclipse.m2e.launching\launches\m2conf5569142111413448194.tmp"/>
    <property name="sun.jnu.encoding" value="Cp1252"/>
    <property name="java.library.path" value="C:\Program Files\Java\jre1.8.0_181\bin;C:\WINDOWS\Sun\Java\bin;C:\WINDOWS\system32;C:\WINDOWS;C:/Program Files/Java/jre1.8.0_181/bin/server;C:/Program Files/Java/jre1.8.0_181/bin;C:/Program Files/Java/jre1.8.0_181/lib/amd64;C:\Program Files (x86)\Common Files\Oracle\Java\javapath;C:\Program Files (x86)\Parallels\Parallels Tools\Applications;C:\WINDOWS\system32;C:\WINDOWS;C:\WINDOWS\System32\Wbem;C:\WINDOWS\System32\WindowsPowerShell\v1.0\;C:\WINDOWS\System32\OpenSSH\;C:\Program Files\Java\jdk1.8.0_181\bin;C:\apache-maven-3.6.0\bin;C:\Users\Abhinav\AppData\Local\Microsoft\WindowsApps;;C:\Users\Abhinav\Desktop\eclipse;;."/>
    <property name="java.specification.name" value="Java Platform API Specification"/>
    <property name="java.class.version" value="52.0"/>
    <property name="sun.management.compiler" value="HotSpot 64-Bit Tiered Compilers"/>
    <property name="os.version" value="10.0"/>
    <property name="user.home" value="C:\Users\Abhinav"/>
    <property name="user.timezone" value="GMT+05:30"/>
    <property name="java.awt.printerjob" value="sun.awt.windows.WPrinterJob"/>
    <property name="java.specification.version" value="1.8"/>
    <property name="file.encoding" value="Cp1252"/>
    <property name="user.name" value="Abhinav"/>
    <property name="java.class.path" value="/C:/Users/Abhinav/Desktop/eclipse/plugins/org.eclipse.m2e.maven.runtime_1.5.1.20150109-1819/jars/plexus-classworlds-2.5.1.jar"/>
    <property name="org.slf4j.simpleLogger.defaultLogLevel" value="info"/>
    <property name="java.vm.specification.version" value="1.8"/>
    <property name="sun.arch.data.model" value="64"/>
    <property name="java.home" value="C:\Program Files\Java\jre1.8.0_181"/>
    <property name="sun.java.command" value="org.codehaus.plexus.classworlds.launcher.Launcher -B test"/>
    <property name="java.specification.vendor" value="Oracle Corporation"/>
    <property name="user.language" value="en"/>
    <property name="awt.toolkit" value="sun.awt.windows.WToolkit"/>
    <property name="java.vm.info" value="mixed mode"/>
    <property name="java.version" value="1.8.0_181"/>
    <property name="java.ext.dirs" value="C:\Program Files\Java\jre1.8.0_181\lib\ext;C:\WINDOWS\Sun\Java\lib\ext"/>
    <property name="sun.boot.class.path" value="C:\Program Files\Java\jre1.8.0_181\lib\resources.jar;C:\Program Files\Java\jre1.8.0_181\lib\rt.jar;C:\Program Files\Java\jre1.8.0_181\lib\sunrsasign.jar;C:\Program Files\Java\jre1.8.0_181\lib\jsse.jar;C:\Program Files\Java\jre1.8.0_181\lib\jce.jar;C:\Program Files\Java\jre1.8.0_181\lib\charsets.jar;C:\Program Files\Java\jre1.8.0_181\lib\jfr.jar;C:\Program Files\Java\jre1.8.0_181\classes"/>
    <property name="java.vendor" value="Oracle Corporation"/>
    <property name="maven.home" value="C:\Users\Abhinav\Desktop\New folder\StudentApp-1\EMBEDDED"/>
    <property name="file.separator" value="\"/>
    <property name="java.vendor.url.bug" value="http://bugreport.sun.com/bugreport/"/>
    <property name="sun.cpu.endian" value="little"/>
    <property name="sun.io.unicode.encoding" value="UnicodeLittle"/>
    <property name="sun.desktop" value="windows"/>
    <property name="sun.cpu.isalist" value="amd64"/>
  </properties>
  <testcase name="createMutipleStudents[0]" classname="com.studentapp.junit.studentsinfo.CreateStudentsDataDrivenTest" time="14.237"/>
  <testcase name="createMutipleStudents[1]" classname="com.studentapp.junit.studentsinfo.CreateStudentsDataDrivenTest" time="0.263"/>
  <testcase name="createMutipleStudents[2]" classname="com.studentapp.junit.studentsinfo.CreateStudentsDataDrivenTest" time="0.49"/>
  <testcase name="createMutipleStudents[3]" classname="com.studentapp.junit.studentsinfo.CreateStudentsDataDrivenTest" time="0.096"/>
  <testcase name="createMutipleStudents[4]" classname="com.studentapp.junit.studentsinfo.CreateStudentsDataDrivenTest" time="0.106"/>
  <testcase name="createMutipleStudents[5]" classname="com.studentapp.junit.studentsinfo.CreateStudentsDataDrivenTest" time="0.081"/>
  <testcase name="createMutipleStudents[6]" classname="com.studentapp.junit.studentsinfo.CreateStudentsDataDrivenTest" time="0.169"/>
  <testcase name="createMutipleStudents[7]" classname="com.studentapp.junit.studentsinfo.CreateStudentsDataDrivenTest" time="0.081"/>
  <testcase name="createMutipleStudents[8]" classname="com.studentapp.junit.studentsinfo.CreateStudentsDataDrivenTest" time="0.112"/>
  <testcase name="createMutipleStudents[9]" classname="com.studentapp.junit.studentsinfo.CreateStudentsDataDrivenTest" time="0.061"/>
  <testcase name="createMutipleStudents[10]" classname="com.studentapp.junit.studentsinfo.CreateStudentsDataDrivenTest" time="0.104"/>
  <testcase name="createMutipleStudents[11]" classname="com.studentapp.junit.studentsinfo.CreateStudentsDataDrivenTest" time="0.093"/>
  <testcase name="createMutipleStudents[12]" classname="com.studentapp.junit.studentsinfo.CreateStudentsDataDrivenTest" time="0.074"/>
  <testcase name="createMutipleStudents[13]" classname="com.studentapp.junit.studentsinfo.CreateStudentsDataDrivenTest" time="0.211"/>
  <testcase name="createMutipleStudents[14]" classname="com.studentapp.junit.studentsinfo.CreateStudentsDataDrivenTest" time="0.037"/>
  <testcase name="createMutipleStudents[15]" classname="com.studentapp.junit.studentsinfo.CreateStudentsDataDrivenTest" time="0.377"/>
  <testcase name="createMutipleStudents[16]" classname="com.studentapp.junit.studentsinfo.CreateStudentsDataDrivenTest" time="0.049"/>
  <testcase name="createMutipleStudents[17]" classname="com.studentapp.junit.studentsinfo.CreateStudentsDataDrivenTest" time="0.059"/>
  <testcase name="createMutipleStudents[18]" classname="com.studentapp.junit.studentsinfo.CreateStudentsDataDrivenTest" time="0.061"/>
  <testcase name="createMutipleStudents[19]" classname="com.studentapp.junit.studentsinfo.CreateStudentsDataDrivenTest" time="0.083"/>
  <testcase name="createMutipleStudents[20]" classname="com.studentapp.junit.studentsinfo.CreateStudentsDataDrivenTest" time="0.046"/>
  <testcase name="createMutipleStudents[21]" classname="com.studentapp.junit.studentsinfo.CreateStudentsDataDrivenTest" time="0.046"/>
  <testcase name="createMutipleStudents[22]" classname="com.studentapp.junit.studentsinfo.CreateStudentsDataDrivenTest" time="0.171"/>
  <testcase name="createMutipleStudents[23]" classname="com.studentapp.junit.studentsinfo.CreateStudentsDataDrivenTest" time="0.021"/>
  <testcase name="createMutipleStudents[24]" classname="com.studentapp.junit.studentsinfo.CreateStudentsDataDrivenTest" time="0.038"/>
  <testcase name="createMutipleStudents[25]" classname="com.studentapp.junit.studentsinfo.CreateStudentsDataDrivenTest" time="0.24"/>
  <testcase name="createMutipleStudents[26]" classname="com.studentapp.junit.studentsinfo.CreateStudentsDataDrivenTest" time="0.09"/>
  <testcase name="createMutipleStudents[27]" classname="com.studentapp.junit.studentsinfo.CreateStudentsDataDrivenTest" time="0.345"/>
  <testcase name="createMutipleStudents[28]" classname="com.studentapp.junit.studentsinfo.CreateStudentsDataDrivenTest" time="0.239"/>
  <testcase name="createMutipleStudents[29]" classname="com.studentapp.junit.studentsinfo.CreateStudentsDataDrivenTest" time="0.021"/>
  <testcase name="createMutipleStudents[30]" classname="com.studentapp.junit.studentsinfo.CreateStudentsDataDrivenTest" time="0.174"/>
  <testcase name="createMutipleStudents[31]" classname="com.studentapp.junit.studentsinfo.CreateStudentsDataDrivenTest" time="0.119"/>
  <testcase name="createMutipleStudents[32]" classname="com.studentapp.junit.studentsinfo.CreateStudentsDataDrivenTest" time="0.088"/>
  <testcase name="createMutipleStudents[33]" classname="com.studentapp.junit.studentsinfo.CreateStudentsDataDrivenTest" time="0.063"/>
  <testcase name="createMutipleStudents[34]" classname="com.studentapp.junit.studentsinfo.CreateStudentsDataDrivenTest" time="0.045"/>
  <testcase name="createMutipleStudents[35]" classname="com.studentapp.junit.studentsinfo.CreateStudentsDataDrivenTest" time="0.058"/>
  <testcase name="createMutipleStudents[36]" classname="com.studentapp.junit.studentsinfo.CreateStudentsDataDrivenTest" time="0.018"/>
  <testcase name="createMutipleStudents[37]" classname="com.studentapp.junit.studentsinfo.CreateStudentsDataDrivenTest" time="0.038"/>
  <testcase name="createMutipleStudents[38]" classname="com.studentapp.junit.studentsinfo.CreateStudentsDataDrivenTest" time="0.043"/>
  <testcase name="createMutipleStudents[39]" classname="com.studentapp.junit.studentsinfo.CreateStudentsDataDrivenTest" time="0.029"/>
  <testcase name="createMutipleStudents[40]" classname="com.studentapp.junit.studentsinfo.CreateStudentsDataDrivenTest" time="0.042"/>
  <testcase name="createMutipleStudents[41]" classname="com.studentapp.junit.studentsinfo.CreateStudentsDataDrivenTest" time="0.036"/>
  <testcase name="createMutipleStudents[42]" classname="com.studentapp.junit.studentsinfo.CreateStudentsDataDrivenTest" time="0.067"/>
  <testcase name="createMutipleStudents[43]" classname="com.studentapp.junit.studentsinfo.CreateStudentsDataDrivenTest" time="0.013"/>
  <testcase name="createMutipleStudents[44]" classname="com.studentapp.junit.studentsinfo.CreateStudentsDataDrivenTest" time="0.159"/>
  <testcase name="createMutipleStudents[45]" classname="com.studentapp.junit.studentsinfo.CreateStudentsDataDrivenTest" time="0.029"/>
  <testcase name="createMutipleStudents[46]" classname="com.studentapp.junit.studentsinfo.CreateStudentsDataDrivenTest" time="0.08"/>
  <testcase name="createMutipleStudents[47]" classname="com.studentapp.junit.studentsinfo.CreateStudentsDataDrivenTest" time="0.037"/>
  <testcase name="createMutipleStudents[48]" classname="com.studentapp.junit.studentsinfo.CreateStudentsDataDrivenTest" time="0.027"/>
  <testcase name="createMutipleStudents[49]" classname="com.studentapp.junit.studentsinfo.CreateStudentsDataDrivenTest" time="0.149"/>
  <testcase name="createMutipleStudents[50]" classname="com.studentapp.junit.studentsinfo.CreateStudentsDataDrivenTest" time="0.023"/>
  <testcase name="createMutipleStudents[51]" classname="com.studentapp.junit.studentsinfo.CreateStudentsDataDrivenTest" time="0.085"/>
  <testcase name="createMutipleStudents[52]" classname="com.studentapp.junit.studentsinfo.CreateStudentsDataDrivenTest" time="0.064"/>
  <testcase name="createMutipleStudents[53]" classname="com.studentapp.junit.studentsinfo.CreateStudentsDataDrivenTest" time="0.031"/>
  <testcase name="createMutipleStudents[54]" classname="com.studentapp.junit.studentsinfo.CreateStudentsDataDrivenTest" time="0.096"/>
  <testcase name="createMutipleStudents[55]" classname="com.studentapp.junit.studentsinfo.CreateStudentsDataDrivenTest" time="0.105"/>
  <testcase name="createMutipleStudents[56]" classname="com.studentapp.junit.studentsinfo.CreateStudentsDataDrivenTest" time="0.027"/>
  <testcase name="createMutipleStudents[57]" classname="com.studentapp.junit.studentsinfo.CreateStudentsDataDrivenTest" time="0.075"/>
  <testcase name="createMutipleStudents[58]" classname="com.studentapp.junit.studentsinfo.CreateStudentsDataDrivenTest" time="0.089"/>
  <testcase name="createMutipleStudents[59]" classname="com.studentapp.junit.studentsinfo.CreateStudentsDataDrivenTest" time="0.089"/>
  <testcase name="createMutipleStudents[60]" classname="com.studentapp.junit.studentsinfo.CreateStudentsDataDrivenTest" time="0.057"/>
  <testcase name="createMutipleStudents[61]" classname="com.studentapp.junit.studentsinfo.CreateStudentsDataDrivenTest" time="0.043"/>
  <testcase name="createMutipleStudents[62]" classname="com.studentapp.junit.studentsinfo.CreateStudentsDataDrivenTest" time="0.036"/>
  <testcase name="createMutipleStudents[63]" classname="com.studentapp.junit.studentsinfo.CreateStudentsDataDrivenTest" time="0.077"/>
  <testcase name="createMutipleStudents[64]" classname="com.studentapp.junit.studentsinfo.CreateStudentsDataDrivenTest" time="0.145"/>
  <testcase name="createMutipleStudents[65]" classname="com.studentapp.junit.studentsinfo.CreateStudentsDataDrivenTest" time="0.085"/>
  <testcase name="createMutipleStudents[66]" classname="com.studentapp.junit.studentsinfo.CreateStudentsDataDrivenTest" time="0.096"/>
  <testcase name="createMutipleStudents[67]" classname="com.studentapp.junit.studentsinfo.CreateStudentsDataDrivenTest" time="0.038"/>
  <testcase name="createMutipleStudents[68]" classname="com.studentapp.junit.studentsinfo.CreateStudentsDataDrivenTest" time="0.05"/>
  <testcase name="createMutipleStudents[69]" classname="com.studentapp.junit.studentsinfo.CreateStudentsDataDrivenTest" time="0.075"/>
  <testcase name="createMutipleStudents[70]" classname="com.studentapp.junit.studentsinfo.CreateStudentsDataDrivenTest" time="0.052"/>
  <testcase name="createMutipleStudents[71]" classname="com.studentapp.junit.studentsinfo.CreateStudentsDataDrivenTest" time="0.04"/>
  <testcase name="createMutipleStudents[72]" classname="com.studentapp.junit.studentsinfo.CreateStudentsDataDrivenTest" time="0.089"/>
  <testcase name="createMutipleStudents[73]" classname="com.studentapp.junit.studentsinfo.CreateStudentsDataDrivenTest" time="0.147"/>
  <testcase name="createMutipleStudents[74]" classname="com.studentapp.junit.studentsinfo.CreateStudentsDataDrivenTest" time="0.023"/>
  <testcase name="createMutipleStudents[75]" classname="com.studentapp.junit.studentsinfo.CreateStudentsDataDrivenTest" time="0.063"/>
  <testcase name="createMutipleStudents[76]" classname="com.studentapp.junit.studentsinfo.CreateStudentsDataDrivenTest" time="0.26"/>
  <testcase name="createMutipleStudents[77]" classname="com.studentapp.junit.studentsinfo.CreateStudentsDataDrivenTest" time="1.034"/>
  <testcase name="createMutipleStudents[78]" classname="com.studentapp.junit.studentsinfo.CreateStudentsDataDrivenTest" time="0.066"/>
  <testcase name="createMutipleStudents[79]" classname="com.studentapp.junit.studentsinfo.CreateStudentsDataDrivenTest" time="0.044"/>
  <testcase name="createMutipleStudents[80]" classname="com.studentapp.junit.studentsinfo.CreateStudentsDataDrivenTest" time="0.026"/>
  <testcase name="createMutipleStudents[81]" classname="com.studentapp.junit.studentsinfo.CreateStudentsDataDrivenTest" time="0.049"/>
  <testcase name="createMutipleStudents[82]" classname="com.studentapp.junit.studentsinfo.CreateStudentsDataDrivenTest" time="0.179"/>
  <testcase name="createMutipleStudents[83]" classname="com.studentapp.junit.studentsinfo.CreateStudentsDataDrivenTest" time="0.058"/>
  <testcase name="createMutipleStudents[84]" classname="com.studentapp.junit.studentsinfo.CreateStudentsDataDrivenTest" time="0.227"/>
  <testcase name="createMutipleStudents[85]" classname="com.studentapp.junit.studentsinfo.CreateStudentsDataDrivenTest" time="0.077"/>
  <testcase name="createMutipleStudents[86]" classname="com.studentapp.junit.studentsinfo.CreateStudentsDataDrivenTest" time="0.05"/>
  <testcase name="createMutipleStudents[87]" classname="com.studentapp.junit.studentsinfo.CreateStudentsDataDrivenTest" time="0.025"/>
  <testcase name="createMutipleStudents[88]" classname="com.studentapp.junit.studentsinfo.CreateStudentsDataDrivenTest" time="0.116"/>
  <testcase name="createMutipleStudents[89]" classname="com.studentapp.junit.studentsinfo.CreateStudentsDataDrivenTest" time="0.074"/>
  <testcase name="createMutipleStudents[90]" classname="com.studentapp.junit.studentsinfo.CreateStudentsDataDrivenTest" time="0.121"/>
  <testcase name="createMutipleStudents[91]" classname="com.studentapp.junit.studentsinfo.CreateStudentsDataDrivenTest" time="0.04"/>
  <testcase name="createMutipleStudents[92]" classname="com.studentapp.junit.studentsinfo.CreateStudentsDataDrivenTest" time="0.024"/>
  <testcase name="createMutipleStudents[93]" classname="com.studentapp.junit.studentsinfo.CreateStudentsDataDrivenTest" time="0.175"/>
  <testcase name="createMutipleStudents[94]" classname="com.studentapp.junit.studentsinfo.CreateStudentsDataDrivenTest" time="0.072"/>
  <testcase name="createMutipleStudents[95]" classname="com.studentapp.junit.studentsinfo.CreateStudentsDataDrivenTest" time="0.194"/>
  <testcase name="createMutipleStudents[96]" classname="com.studentapp.junit.studentsinfo.CreateStudentsDataDrivenTest" time="0.068"/>
  <testcase name="createMutipleStudents[97]" classname="com.studentapp.junit.studentsinfo.CreateStudentsDataDrivenTest" time="0.129"/>
  <testcase name="createMutipleStudents[98]" classname="com.studentapp.junit.studentsinfo.CreateStudentsDataDrivenTest" time="0.114"/>
  <testcase name="createMutipleStudents[99]" classname="com.studentapp.junit.studentsinfo.CreateStudentsDataDrivenTest" time="0.036"/>
</testsuite>